e:\项目\项目0\军标图\markapp(1)\debug\markapp.pch
e:\项目\项目0\军标图\markapp(1)\debug\vc142.pdb
e:\项目\项目0\军标图\markapp(1)\debug\vc142.idb
e:\项目\项目0\军标图\markapp(1)\debug\stdafx.obj
e:\项目\项目0\军标图\markapp(1)\debug\markapp.obj
e:\项目\项目0\军标图\markapp(1)\debug\mpolyline.obj
e:\项目\项目0\军标图\markapp(1)\debug\mpoint.obj
e:\项目\项目0\军标图\markapp(1)\debug\mmath.obj
e:\项目\项目0\军标图\markapp(1)\debug\mmarkshape.obj
e:\项目\项目0\军标图\markapp(1)\debug\mmarkfactory.obj
e:\项目\项目0\军标图\markapp(1)\debug\mmark.obj
e:\项目\项目0\军标图\markapp(1)\debug\mgeom.obj
e:\项目\项目0\军标图\markapp(1)\debug\markapp.ilk
e:\项目\项目0\军标图\markapp(1)\debug\markapp.exe
e:\项目\项目0\军标图\markapp(1)\debug\markapp.pdb
e:\项目\项目0\军标图\markapp(1)\debug\markapp.tlog\cl.command.1.tlog
e:\项目\项目0\军标图\markapp(1)\debug\markapp.tlog\cl.read.1.tlog
e:\项目\项目0\军标图\markapp(1)\debug\markapp.tlog\cl.write.1.tlog
e:\项目\项目0\军标图\markapp(1)\debug\markapp.tlog\link.command.1.tlog
e:\项目\项目0\军标图\markapp(1)\debug\markapp.tlog\link.read.1.tlog
e:\项目\项目0\军标图\markapp(1)\debug\markapp.tlog\link.write.1.tlog
